{
    "rows_returned": 1,
    "latency": 0.336515137,
    "result_set_size": 8,
    "query_name": "SELECT count(*) \nFROM a \nJOIN b ON a.barn = b.barn;",
    "blocked_thread_time": 0.0,
    "system_peak_buffer_memory": 3233300480,
    "system_peak_temp_dir_size": 0,
    "cpu_time": 4.617216206999997,
    "extra_info": {},
    "cumulative_cardinality": 300500001,
    "cumulative_rows_scanned": 1602500000,
    "children": [
        {
            "result_set_size": 8,
            "operator_name": "UNGROUPED_AGGREGATE",
            "cpu_time": 4.617216206999997,
            "extra_info": {
                "Aggregates": "count_star()"
            },
            "cumulative_cardinality": 300500001,
            "operator_type": "UNGROUPED_AGGREGATE",
            "operator_cardinality": 1,
            "cumulative_rows_scanned": 1602500000,
            "operator_rows_scanned": 0,
            "operator_timing": 0.040226938000000025,
            "children": [
                {
                    "result_set_size": 3200000000,
                    "operator_name": "HASH_JOIN",
                    "cpu_time": 4.576989268999997,
                    "extra_info": {
                        "Join Type": "INNER",
                        "Conditions": "barn = barn",
                        "Estimated Cardinality": "500000"
                    },
                    "cumulative_cardinality": 300500000,
                    "operator_type": "HASH_JOIN",
                    "operator_cardinality": 200000000,
                    "cumulative_rows_scanned": 1602500000,
                    "operator_rows_scanned": 0,
                    "operator_timing": 4.461178385999997,
                    "children": [
                        {
                            "result_set_size": 800000000,
                            "operator_name": "SEQ_SCAN ",
                            "cpu_time": 0.11534105700000011,
                            "extra_info": {
                                "Table": "a",
                                "Type": "Sequential Scan",
                                "Projections": "barn",
                                "Estimated Cardinality": "100000000"
                            },
                            "cumulative_cardinality": 100000000,
                            "operator_type": "TABLE_SCAN",
                            "operator_cardinality": 100000000,
                            "cumulative_rows_scanned": 1600000000,
                            "operator_rows_scanned": 1600000000,
                            "operator_timing": 0.11534105700000011,
                            "children": []
                        },
                        {
                            "result_set_size": 4000000,
                            "operator_name": "SEQ_SCAN ",
                            "cpu_time": 0.00046982600000000007,
                            "extra_info": {
                                "Table": "b",
                                "Type": "Sequential Scan",
                                "Projections": "barn",
                                "Estimated Cardinality": "500000"
                            },
                            "cumulative_cardinality": 500000,
                            "operator_type": "TABLE_SCAN",
                            "operator_cardinality": 500000,
                            "cumulative_rows_scanned": 2500000,
                            "operator_rows_scanned": 2500000,
                            "operator_timing": 0.00046982600000000007,
                            "children": []
                        }
                    ]
                }
            ]
        }
    ]
}