{
    "rows_returned": 1,
    "latency": 1.776856398,
    "result_set_size": 8,
    "query_name": "SELECT min(b.keyB1) \nFROM a \nJOIN b ON a.keyB1 = b.keyB1;",
    "blocked_thread_time": 0.0,
    "system_peak_buffer_memory": 12374423552,
    "system_peak_temp_dir_size": 0,
    "cpu_time": 6.824333892000016,
    "extra_info": {},
    "cumulative_cardinality": 1240000005,
    "cumulative_rows_scanned": 1760000008,
    "children": [
        {
            "result_set_size": 8,
            "operator_name": "UNGROUPED_AGGREGATE",
            "cpu_time": 6.824333892000016,
            "extra_info": {
                "Aggregates": "min(#0)"
            },
            "cumulative_cardinality": 1240000005,
            "operator_type": "UNGROUPED_AGGREGATE",
            "operator_cardinality": 1,
            "cumulative_rows_scanned": 1760000008,
            "operator_rows_scanned": 0,
            "operator_timing": 0.2416362040000017,
            "children": [
                {
                    "result_set_size": 3200000008,
                    "operator_name": "PROJECTION",
                    "cpu_time": 6.582697688000015,
                    "extra_info": {
                        "Projections": "keyB1",
                        "Estimated Cardinality": "400000001"
                    },
                    "cumulative_cardinality": 1240000004,
                    "operator_type": "PROJECTION",
                    "operator_cardinality": 400000001,
                    "cumulative_rows_scanned": 1760000008,
                    "operator_rows_scanned": 0,
                    "operator_timing": 0.029351582999997763,
                    "children": [
                        {
                            "result_set_size": 6400000016,
                            "operator_name": "HASH_JOIN",
                            "cpu_time": 6.553346105000017,
                            "extra_info": {
                                "Join Type": "INNER",
                                "Conditions": "keyB1 = keyB1",
                                "Estimated Cardinality": "400000001",
                                "Build Time": "493.867 ms",
                                "Probe Time": "2686.066 ms",
                                "Probe Time (ExecuteInternal)": "2686.066 ms",
                                "Probe Time (ExternalProbe)": "0.000 ms",
                                "Scan Structure Next Time (ExecuteInternal)": "895.395 ms",
                                "Fast Cache Time": "1806.593 ms",
                                "ProbeForPointers Time": "11.668 ms",
                                "Match Time": "16.423 ms"
                            },
                            "cumulative_cardinality": 840000003,
                            "operator_type": "HASH_JOIN",
                            "operator_cardinality": 400000001,
                            "cumulative_rows_scanned": 1760000008,
                            "operator_rows_scanned": 0,
                            "operator_timing": 6.416955582000018,
                            "children": [
                                {
                                    "result_set_size": 3200000008,
                                    "operator_name": "SEQ_SCAN ",
                                    "cpu_time": 0.1258667369999993,
                                    "extra_info": {
                                        "Table": "a",
                                        "Type": "Sequential Scan",
                                        "Projections": "keyB1",
                                        "Estimated Cardinality": "400000001"
                                    },
                                    "cumulative_cardinality": 400000001,
                                    "operator_type": "TABLE_SCAN",
                                    "operator_cardinality": 400000001,
                                    "cumulative_rows_scanned": 1600000004,
                                    "operator_rows_scanned": 1600000004,
                                    "operator_timing": 0.1258667369999993,
                                    "children": []
                                },
                                {
                                    "result_set_size": 320000008,
                                    "operator_name": "SEQ_SCAN ",
                                    "cpu_time": 0.010523786000000012,
                                    "extra_info": {
                                        "Table": "b",
                                        "Type": "Sequential Scan",
                                        "Projections": "keyB1",
                                        "Estimated Cardinality": "40000001"
                                    },
                                    "cumulative_cardinality": 40000001,
                                    "operator_type": "TABLE_SCAN",
                                    "operator_cardinality": 40000001,
                                    "cumulative_rows_scanned": 160000004,
                                    "operator_rows_scanned": 160000004,
                                    "operator_timing": 0.010523786000000012,
                                    "children": []
                                }
                            ]
                        }
                    ]
                }
            ]
        }
    ]
}