{
    "rows_returned": 1,
    "latency": 3.162962903,
    "result_set_size": 8,
    "query_name": "SELECT min(b.keyB1) \nFROM a \nJOIN b ON a.keyB1 = b.keyB1;",
    "blocked_thread_time": 0.0,
    "system_peak_buffer_memory": 8611219456,
    "system_peak_temp_dir_size": 0,
    "cpu_time": 12.141326748000116,
    "extra_info": {},
    "cumulative_cardinality": 1200800005,
    "cumulative_rows_scanned": 1603200008,
    "children": [
        {
            "result_set_size": 8,
            "operator_name": "UNGROUPED_AGGREGATE",
            "cpu_time": 12.141326748000116,
            "extra_info": {
                "Aggregates": "min(#0)"
            },
            "cumulative_cardinality": 1200800005,
            "operator_type": "UNGROUPED_AGGREGATE",
            "operator_cardinality": 1,
            "cumulative_rows_scanned": 1603200008,
            "operator_rows_scanned": 0,
            "operator_timing": 0.7515861059999993,
            "children": [
                {
                    "result_set_size": 3200000008,
                    "operator_name": "PROJECTION",
                    "cpu_time": 11.389740642000117,
                    "extra_info": {
                        "Projections": "keyB1",
                        "Estimated Cardinality": "400000001"
                    },
                    "cumulative_cardinality": 1200800004,
                    "operator_type": "PROJECTION",
                    "operator_cardinality": 400000001,
                    "cumulative_rows_scanned": 1603200008,
                    "operator_rows_scanned": 0,
                    "operator_timing": 0.09313147299999874,
                    "children": [
                        {
                            "result_set_size": 6400000016,
                            "operator_name": "HASH_JOIN",
                            "cpu_time": 11.296609169000119,
                            "extra_info": {
                                "Join Type": "INNER",
                                "Conditions": "keyB1 = keyB1",
                                "Estimated Cardinality": "400000001",
                                "Build Time": "26.735 ms",
                                "Probe Time": "5190.075 ms",
                                "Probe Time (ExecuteInternal)": "5190.075 ms",
                                "Probe Time (ExternalProbe)": "0.000 ms",
                                "Scan Structure Next Time (ExecuteInternal)": "2026.835 ms",
                                "Fast Cache Time": "2935.068 ms",
                                "ProbeForPointers Time": "4.140 ms",
                                "Match Time": "11.009 ms"
                            },
                            "cumulative_cardinality": 800800003,
                            "operator_type": "HASH_JOIN",
                            "operator_cardinality": 400000001,
                            "cumulative_rows_scanned": 1603200008,
                            "operator_rows_scanned": 0,
                            "operator_timing": 11.008958335000118,
                            "children": [
                                {
                                    "result_set_size": 3200000008,
                                    "operator_name": "SEQ_SCAN ",
                                    "cpu_time": 0.2870652670000004,
                                    "extra_info": {
                                        "Table": "a",
                                        "Type": "Sequential Scan",
                                        "Projections": "keyB1",
                                        "Estimated Cardinality": "400000001"
                                    },
                                    "cumulative_cardinality": 400000001,
                                    "operator_type": "TABLE_SCAN",
                                    "operator_cardinality": 400000001,
                                    "cumulative_rows_scanned": 1600000004,
                                    "operator_rows_scanned": 1600000004,
                                    "operator_timing": 0.2870652670000004,
                                    "children": []
                                },
                                {
                                    "result_set_size": 6400008,
                                    "operator_name": "SEQ_SCAN ",
                                    "cpu_time": 0.000585567,
                                    "extra_info": {
                                        "Table": "b",
                                        "Type": "Sequential Scan",
                                        "Projections": "keyB1",
                                        "Estimated Cardinality": "800001"
                                    },
                                    "cumulative_cardinality": 800001,
                                    "operator_type": "TABLE_SCAN",
                                    "operator_cardinality": 800001,
                                    "cumulative_rows_scanned": 3200004,
                                    "operator_rows_scanned": 3200004,
                                    "operator_timing": 0.000585567,
                                    "children": []
                                }
                            ]
                        }
                    ]
                }
            ]
        }
    ]
}